c:\users\jeff\documents\visual studio 2013\projects\feo\feo\x64\debug\vc120.pdb
c:\users\jeff\documents\visual studio 2013\projects\feo\feo\x64\debug\vc120.idb
c:\users\jeff\documents\visual studio 2013\projects\feo\feo\x64\debug\animation.obj
c:\users\jeff\documents\visual studio 2013\projects\feo\feo\x64\debug\application.obj
c:\users\jeff\documents\visual studio 2013\projects\feo\feo\x64\debug\component.obj
c:\users\jeff\documents\visual studio 2013\projects\feo\feo\x64\debug\componentposition.obj
c:\users\jeff\documents\visual studio 2013\projects\feo\feo\x64\debug\componentrender.obj
c:\users\jeff\documents\visual studio 2013\projects\feo\feo\x64\debug\entity.obj
c:\users\jeff\documents\visual studio 2013\projects\feo\feo\x64\debug\gamestategame.obj
c:\users\jeff\documents\visual studio 2013\projects\feo\feo\x64\debug\main.obj
c:\users\jeff\documents\visual studio 2013\projects\feo\feo\x64\debug\componentmovement.obj
c:\users\jeff\documents\visual studio 2013\projects\feo\feo\x64\debug\statestack.obj
c:\users\jeff\documents\visual studio 2013\projects\feo\feo\x64\debug\gamestatetitle.obj
c:\users\jeff\documents\visual studio 2013\projects\feo\feo\x64\debug\system.obj
c:\users\jeff\documents\visual studio 2013\projects\feo\feo\x64\debug\systemrender.obj
c:\users\jeff\documents\visual studio 2013\projects\feo\feo\x64\debug\utility.obj
c:\users\jeff\documents\visual studio 2013\projects\feo\feo\x64\debug\ecsmanager.obj
c:\users\jeff\documents\visual studio 2013\projects\feo\feo\x64\debug\state.obj
c:\users\jeff\documents\visual studio 2013\projects\feo\x64\debug\feo.ilk
c:\users\jeff\documents\visual studio 2013\projects\feo\x64\debug\feo.exe
c:\users\jeff\documents\visual studio 2013\projects\feo\x64\debug\feo.pdb
c:\users\jeff\documents\visual studio 2013\projects\feo\feo\x64\debug\feo.tlog\cl.command.1.tlog
c:\users\jeff\documents\visual studio 2013\projects\feo\feo\x64\debug\feo.tlog\cl.read.1.tlog
c:\users\jeff\documents\visual studio 2013\projects\feo\feo\x64\debug\feo.tlog\cl.write.1.tlog
c:\users\jeff\documents\visual studio 2013\projects\feo\feo\x64\debug\feo.tlog\link.command.1.tlog
c:\users\jeff\documents\visual studio 2013\projects\feo\feo\x64\debug\feo.tlog\link.read.1.tlog
c:\users\jeff\documents\visual studio 2013\projects\feo\feo\x64\debug\feo.tlog\link.write.1.tlog
